<?xml version="1.0" encoding="UTF-8"?>
<!-- Generated by org.testng.reporters.JUnitXMLReporter -->
<testsuite ignored="0" hostname="Beast_utkarsh" failures="0" tests="3" name="Default test" time="0.045" errors="0" timestamp="2024-03-31T17:53:48 IST">
  <testcase classname="testngsessions.OpenCartTest" name="headerTest" time="0.006"/>
  <testcase classname="testngsessions.OpenCartTest" name="titleTest" time="0.001"/>
  <testcase classname="testngsessions.OpenCartTest" name="urlTest" time="0.0"/>
</testsuite> <!-- Default test -->
