<?xml version="1.0" encoding="UTF-8"?>
<testng-results ignored="0" total="3" passed="3" failed="0" skipped="0">
  <reporter-output>
  </reporter-output>
  <suite started-at="2024-03-31T17:53:47 IST" name="Default suite" finished-at="2024-03-31T17:53:48 IST" duration-ms="45">
    <groups>
    </groups>
    <test started-at="2024-03-31T17:53:47 IST" name="Default test" finished-at="2024-03-31T17:53:48 IST" duration-ms="45">
      <class name="testngsessions.OpenCartTest">
        <test-method is-config="true" signature="dbConnection()[pri:0, instance:testngsessions.OpenCartTest@2892dae4]" started-at="2024-03-31T17:53:47 IST" name="dbConnection" finished-at="2024-03-31T17:53:47 IST" duration-ms="13" status="PASS">
          <reporter-output>
          </reporter-output>
        </test-method> <!-- dbConnection -->
        <test-method is-config="true" signature="createUser()[pri:0, instance:testngsessions.OpenCartTest@2892dae4]" started-at="2024-03-31T17:53:47 IST" name="createUser" finished-at="2024-03-31T17:53:47 IST" duration-ms="1" status="PASS">
          <reporter-output>
          </reporter-output>
        </test-method> <!-- createUser -->
        <test-method is-config="true" signature="launchBrowser()[pri:0, instance:testngsessions.OpenCartTest@2892dae4]" started-at="2024-03-31T17:53:47 IST" name="launchBrowser" finished-at="2024-03-31T17:53:47 IST" duration-ms="0" status="PASS">
          <reporter-output>
          </reporter-output>
        </test-method> <!-- launchBrowser -->
        <test-method is-config="true" signature="login()[pri:0, instance:testngsessions.OpenCartTest@2892dae4]" started-at="2024-03-31T17:53:48 IST" name="login" finished-at="2024-03-31T17:53:48 IST" duration-ms="0" status="PASS">
          <reporter-output>
          </reporter-output>
        </test-method> <!-- login -->
        <test-method signature="headerTest()[pri:0, instance:testngsessions.OpenCartTest@2892dae4]" started-at="2024-03-31T17:53:48 IST" name="headerTest" finished-at="2024-03-31T17:53:48 IST" duration-ms="6" status="PASS">
          <reporter-output>
          </reporter-output>
        </test-method> <!-- headerTest -->
        <test-method is-config="true" signature="logout()[pri:0, instance:testngsessions.OpenCartTest@2892dae4]" started-at="2024-03-31T17:53:48 IST" name="logout" finished-at="2024-03-31T17:53:48 IST" duration-ms="1" status="PASS">
          <reporter-output>
          </reporter-output>
        </test-method> <!-- logout -->
        <test-method is-config="true" signature="login()[pri:0, instance:testngsessions.OpenCartTest@2892dae4]" started-at="2024-03-31T17:53:48 IST" name="login" finished-at="2024-03-31T17:53:48 IST" duration-ms="0" status="PASS">
          <reporter-output>
          </reporter-output>
        </test-method> <!-- login -->
        <test-method signature="titleTest()[pri:0, instance:testngsessions.OpenCartTest@2892dae4]" started-at="2024-03-31T17:53:48 IST" name="titleTest" finished-at="2024-03-31T17:53:48 IST" duration-ms="1" status="PASS">
          <reporter-output>
          </reporter-output>
        </test-method> <!-- titleTest -->
        <test-method is-config="true" signature="login()[pri:0, instance:testngsessions.OpenCartTest@2892dae4]" started-at="2024-03-31T17:53:48 IST" name="login" finished-at="2024-03-31T17:53:48 IST" duration-ms="0" status="PASS">
          <reporter-output>
          </reporter-output>
        </test-method> <!-- login -->
        <test-method is-config="true" signature="logout()[pri:0, instance:testngsessions.OpenCartTest@2892dae4]" started-at="2024-03-31T17:53:48 IST" name="logout" finished-at="2024-03-31T17:53:48 IST" duration-ms="0" status="PASS">
          <reporter-output>
          </reporter-output>
        </test-method> <!-- logout -->
        <test-method signature="urlTest()[pri:0, instance:testngsessions.OpenCartTest@2892dae4]" started-at="2024-03-31T17:53:48 IST" name="urlTest" finished-at="2024-03-31T17:53:48 IST" duration-ms="0" status="PASS">
          <reporter-output>
          </reporter-output>
        </test-method> <!-- urlTest -->
        <test-method is-config="true" signature="logout()[pri:0, instance:testngsessions.OpenCartTest@2892dae4]" started-at="2024-03-31T17:53:48 IST" name="logout" finished-at="2024-03-31T17:53:48 IST" duration-ms="1" status="PASS">
          <reporter-output>
          </reporter-output>
        </test-method> <!-- logout -->
        <test-method is-config="true" signature="closeBrowser()[pri:0, instance:testngsessions.OpenCartTest@2892dae4]" started-at="2024-03-31T17:53:48 IST" name="closeBrowser" finished-at="2024-03-31T17:53:48 IST" duration-ms="0" status="PASS">
          <reporter-output>
          </reporter-output>
        </test-method> <!-- closeBrowser -->
        <test-method is-config="true" signature="deleteUser()[pri:0, instance:testngsessions.OpenCartTest@2892dae4]" started-at="2024-03-31T17:53:48 IST" name="deleteUser" finished-at="2024-03-31T17:53:48 IST" duration-ms="2" status="PASS">
          <reporter-output>
          </reporter-output>
        </test-method> <!-- deleteUser -->
        <test-method is-config="true" signature="disconnectWithDB()[pri:0, instance:testngsessions.OpenCartTest@2892dae4]" started-at="2024-03-31T17:53:48 IST" name="disconnectWithDB" finished-at="2024-03-31T17:53:48 IST" duration-ms="0" status="PASS">
          <reporter-output>
          </reporter-output>
        </test-method> <!-- disconnectWithDB -->
      </class> <!-- testngsessions.OpenCartTest -->
    </test> <!-- Default test -->
  </suite> <!-- Default suite -->
</testng-results>
